Base path: C:/Program Files (x86)/Unity/Editor/Data
Pipe name: \\.\pipe\UnityShaderCompiler-3-3756
Cmd: getPlatforms
Cmd: compileSnippet
  api=9 type=0 insize=1039 outsize=822 kw= ok=1
Cmd: compileSnippet
  api=9 type=0 insize=1398 outsize=2812 kw= ok=1
Cmd: compileSnippet
  api=9 type=0 insize=1034 outsize=958 kw= ok=1
Cmd: compileSnippet
  api=9 type=0 insize=1116 outsize=948 kw= ok=1
Cmd: compileSnippet
  api=9 type=0 insize=715 outsize=358 kw= ok=1
Cmd: compileSnippet
  api=9 type=0 insize=4900 outsize=4015 kw=DIRECTIONAL SHADOWS_SCREEN LIGHTMAP_OFF DIRLIGHTMAP_OFF ok=1
Cmd: compileSnippet
  api=5 type=0 insize=4900 outsize=5113 kw=DIRECTIONAL SHADOWS_SCREEN LIGHTMAP_OFF DIRLIGHTMAP_OFF VERTEXLIGHT_ON ok=1
Cmd: compileSnippet
  api=9 type=0 insize=4900 outsize=5101 kw=DIRECTIONAL SHADOWS_SCREEN LIGHTMAP_OFF DIRLIGHTMAP_OFF VERTEXLIGHT_ON ok=1
Cmd: compileSnippet
  api=9 type=0 insize=4900 outsize=4941 kw=DIRECTIONAL SHADOWS_SCREEN SHADOWS_NATIVE LIGHTMAP_OFF DIRLIGHTMAP_OFF VERTEXLIGHT_ON ok=1
Cmd: compileSnippet
  api=9 type=0 insize=2844 outsize=2615 kw=POINT ok=1
Cmd: compileSnippet
  api=9 type=0 insize=2844 outsize=2752 kw=POINT_COOKIE ok=1
Cmd: compileSnippet
  api=9 type=0 insize=2844 outsize=2436 kw=DIRECTIONAL_COOKIE ok=1
Cmd: compileSnippet
  api=9 type=0 insize=1346 outsize=1130 kw= ok=1
Cmd: compileSnippet
  api=9 type=0 insize=1287 outsize=1406 kw=LIGHTMAP_OFF ok=1
Cmd: compileSnippet
  api=9 type=0 insize=1214 outsize=1150 kw= ok=1
Cmd: compileSnippet
  api=5 type=1 insize=1116 outsize=6 kw= ok=1
Cmd: compileSnippet
  api=9 type=1 insize=1634 outsize=7 kw=LIGHTMAP_OFF ok=1
Cmd: compileSnippet
  api=9 type=1 insize=1034 outsize=7 kw= ok=1
Cmd: compileSnippet
  api=9 type=1 insize=1325 outsize=7 kw= ok=1
Cmd: compileSnippet
  api=9 type=1 insize=1039 outsize=7 kw= ok=1
Cmd: compileSnippet
  api=9 type=1 insize=1398 outsize=7 kw= ok=1
Cmd: compileSnippet
  api=9 type=0 insize=942 outsize=631 kw= ok=1
Cmd: compileSnippet
  api=9 type=1 insize=1668 outsize=7 kw=LIGHTMAP_OFF ok=1
Cmd: compileSnippet
  api=9 type=1 insize=1231 outsize=7 kw= ok=1
Cmd: compileSnippet
  api=9 type=1 insize=986 outsize=7 kw= ok=1
Cmd: compileSnippet
  api=9 type=1 insize=1322 outsize=7 kw= ok=1
Cmd: compileSnippet
  api=5 type=0 insize=4900 outsize=1913 kw=DIRECTIONAL SHADOWS_SCREEN LIGHTMAP_ON DIRLIGHTMAP_OFF ok=1
Cmd: compileSnippet
  api=5 type=0 insize=4900 outsize=1815 kw=DIRECTIONAL SHADOWS_SCREEN SHADOWS_NATIVE LIGHTMAP_ON DIRLIGHTMAP_OFF ok=1
Cmd: compileSnippet
  api=9 type=1 insize=4900 outsize=7 kw=DIRECTIONAL SHADOWS_OFF LIGHTMAP_OFF DIRLIGHTMAP_OFF ok=1
Cmd: compileSnippet
  api=5 type=1 insize=4900 outsize=6 kw=DIRECTIONAL SHADOWS_SCREEN LIGHTMAP_OFF DIRLIGHTMAP_OFF ok=1
Cmd: compileSnippet
  api=9 type=1 insize=2844 outsize=7 kw=DIRECTIONAL ok=1
Cmd: compileSnippet
  api=5 type=1 insize=2844 outsize=6 kw=SPOT ok=1
Cmd: compileSnippet
  api=9 type=1 insize=2844 outsize=7 kw=DIRECTIONAL_COOKIE ok=1
Cmd: compileSnippet
  api=9 type=0 insize=1222 outsize=1116 kw= ok=1
Cmd: compileSnippet
  api=9 type=1 insize=1277 outsize=7 kw= ok=1
Cmd: compileSnippet
  api=5 type=0 insize=1287 outsize=1394 kw=LIGHTMAP_ON ok=1
Cmd: compileSnippet
  api=9 type=1 insize=1287 outsize=7 kw=LIGHTMAP_OFF ok=1
Unhandled exception: Readfile from pipe failed. GLE=管道已结束。


Quitting shader compiler process
