Base path: C:/Program Files (x86)/Unity/Editor/Data
Pipe name: \\.\pipe\UnityShaderCompiler-2-5212
Cmd: getPlatforms
Cmd: compileSnippet
  api=5 type=0 insize=1634 outsize=2044 kw=LIGHTMAP_OFF ok=1
Cmd: compileSnippet
  api=9 type=0 insize=1231 outsize=1122 kw= ok=1
Cmd: compileSnippet
  api=5 type=0 insize=4900 outsize=4027 kw=DIRECTIONAL SHADOWS_SCREEN LIGHTMAP_OFF DIRLIGHTMAP_OFF ok=1
Cmd: compileSnippet
  api=5 type=0 insize=4900 outsize=3929 kw=DIRECTIONAL SHADOWS_SCREEN SHADOWS_NATIVE LIGHTMAP_OFF DIRLIGHTMAP_OFF ok=1
Cmd: compileSnippet
  api=5 type=0 insize=2844 outsize=2097 kw=DIRECTIONAL ok=1
Cmd: compileSnippet
  api=5 type=0 insize=2844 outsize=2863 kw=SPOT ok=1
Cmd: compileSnippet
  api=9 type=0 insize=1405 outsize=1755 kw= ok=1
Cmd: compileSnippet
  api=5 type=1 insize=1634 outsize=6 kw=LIGHTMAP_ON ok=1
Cmd: compileSnippet
  api=9 type=1 insize=942 outsize=7 kw= ok=1
Cmd: compileSnippet
  api=5 type=0 insize=1668 outsize=2142 kw=LIGHTMAP_ON ok=1
Cmd: compileSnippet
  api=9 type=1 insize=1668 outsize=7 kw=LIGHTMAP_ON ok=1
Cmd: compileSnippet
  api=9 type=0 insize=986 outsize=721 kw= ok=1
Cmd: compileSnippet
  api=9 type=1 insize=1203 outsize=7 kw= ok=1
Cmd: compileSnippet
  api=9 type=0 insize=1322 outsize=1465 kw= ok=1
Cmd: compileSnippet
  api=5 type=0 insize=1274 outsize=1046 kw= ok=1
Cmd: compileSnippet
  api=9 type=1 insize=1274 outsize=7 kw= ok=1
Cmd: compileSnippet
  api=5 type=0 insize=4900 outsize=1157 kw=DIRECTIONAL SHADOWS_OFF LIGHTMAP_ON DIRLIGHTMAP_OFF ok=1
Cmd: compileSnippet
  api=9 type=1 insize=4900 outsize=7 kw=DIRECTIONAL SHADOWS_OFF LIGHTMAP_ON DIRLIGHTMAP_OFF ok=1
Cmd: compileSnippet
  api=9 type=1 insize=4900 outsize=7 kw=DIRECTIONAL SHADOWS_SCREEN LIGHTMAP_ON DIRLIGHTMAP_OFF ok=1
Cmd: compileSnippet
  api=5 type=1 insize=2844 outsize=6 kw=DIRECTIONAL ok=1
Cmd: compileSnippet
  api=9 type=1 insize=2844 outsize=7 kw=POINT_COOKIE ok=1
Cmd: compileSnippet
  api=9 type=1 insize=1405 outsize=7 kw= ok=1
Cmd: compileSnippet
  api=9 type=1 insize=1346 outsize=7 kw= ok=1
Cmd: compileSnippet
  api=9 type=1 insize=1214 outsize=7 kw= ok=1
Cmd: compileSnippet
  api=9 type=1 insize=1260 outsize=7 kw= ok=1
Cmd: compileSnippet
  api=9 type=1 insize=1282 outsize=7 kw= ok=1
Cmd: compileSnippet
  api=9 type=0 insize=1218 outsize=1116 kw= ok=1
Cmd: compileSnippet
  api=9 type=0 insize=1277 outsize=1033 kw= ok=1
Cmd: compileSnippet
  api=9 type=0 insize=1333 outsize=1049 kw= ok=1
Cmd: compileSnippet
  api=5 type=1 insize=1287 outsize=6 kw=LIGHTMAP_ON ok=1
Cmd: compileSnippet
  api=5 type=1 insize=1051 outsize=6 kw= ok=1
Cmd: compileSnippet
  api=9 type=1 insize=1041 outsize=7 kw= ok=1
Unhandled exception: Readfile from pipe failed. GLE=管道已结束。


Quitting shader compiler process
